<?xml version="1.0" encoding="UTF-8" ?>
<testsuite tests="3" failures="0" name="bd.edu.seu.ajlab1.repository.ProductDaoMySQLImplementationTest" time="0.201" errors="0" skipped="0">
  <properties>
[...]
</properties>
  <testcase classname="bd.edu.seu.ajlab1.repository.ProductDaoMySQLImplementationTest" name="bd.edu.seu.ajlab1.repository.ProductDaoMySQLImplementationTest.testReadProduct" time="0"/>
  <testcase classname="bd.edu.seu.ajlab1.repository.ProductDaoMySQLImplementationTest" name="bd.edu.seu.ajlab1.repository.ProductDaoMySQLImplementationTest.testReadAll" time="0"/>
  <testcase classname="bd.edu.seu.ajlab1.repository.ProductDaoMySQLImplementationTest" name="bd.edu.seu.ajlab1.repository.ProductDaoMySQLImplementationTest.testCreateProduct" time="0.201"/>
</testsuite>